[16/Jun/2020:17:54:19] (I): WordPress Instance Info:
[16/Jun/2020:17:54:19] (I): Home URL : http://localhost/website
[16/Jun/2020:17:54:19] (I): Site URL : http://localhost/website
[16/Jun/2020:17:54:19] (I): WordPress Version : 5.4.2
[16/Jun/2020:17:54:19] (I): Onboarding Version : 1.0.1
[16/Jun/2020:17:54:19] (I): Multisite : No
[16/Jun/2020:17:54:19] (I): Server Info : Apache/2.4.41 (Win64) PHP/7.3.12
[16/Jun/2020:17:54:19] (I): PHP Version : 7.3.12
[16/Jun/2020:17:54:19] (I): HTTPS : No
[16/Jun/2020:17:54:19] (I): PHP Max Execution Time : 120
[16/Jun/2020:17:54:19] (I): PHP Max Input Vars : 2500
[16/Jun/2020:17:54:19] (I): Max Upload Size : 2097152
[16/Jun/2020:17:54:19] (I): Plugins:
[16/Jun/2020:17:54:19] (I): [PLUGIN] Elementor : v2.9.12 (Elementor.com)
[16/Jun/2020:17:54:19] (I): [PLUGIN] WP2Static : v6.6.7 (Leon Stafford)
[16/Jun/2020:17:54:19] (I): [PLUGIN] Orbit Fox Companion : v2.9.9 (Themeisle)
[16/Jun/2020:17:54:19] (I): [PLUGIN] Yoast SEO : v14.3 (Team Yoast)
[16/Jun/2020:17:54:19] (P): Saving remote XML
[16/Jun/2020:17:54:20] (S): Saved remote XML at path C:\wamp64\www\website/wp-content/uploads/themeisle-demo-import.xml.
[16/Jun/2020:17:54:20] (P): Starting content import...
[16/Jun/2020:17:54:20] (S): Import started.
[16/Jun/2020:17:54:20] (S): Parsing XML file.
[16/Jun/2020:17:54:21] (P): Starting parsing file:C:\wamp64\www\website/wp-content/uploads/themeisle-demo-import.xml
[16/Jun/2020:17:54:21] (P): Using WXR_Parser_SimpleXML...
[16/Jun/2020:17:54:21] (S): Parsed XML
[16/Jun/2020:17:54:21] (P): Processing categories...
[16/Jun/2020:17:54:21] (S): Processed categories.
[16/Jun/2020:17:54:21] (P): Processing tags...
[16/Jun/2020:17:54:21] (S): No tags to process.
[16/Jun/2020:17:54:21] (P): Processing terms...
[16/Jun/2020:17:54:21] (S): Processed terms.
[16/Jun/2020:17:54:21] (P): Processing posts...
[16/Jun/2020:17:54:21] (P): Processing single menu item ' Focus '...
[16/Jun/2020:17:54:21] (S): Processed single menu item.
[16/Jun/2020:17:54:21] (P): Processing single menu item ' About '...
[16/Jun/2020:17:54:21] (S): Processed single menu item.
[16/Jun/2020:17:54:21] (P): Processing single menu item ' Team '...
[16/Jun/2020:17:54:21] (S): Processed single menu item.
[16/Jun/2020:17:54:21] (P): Processing single menu item ' Testimonials '...
[16/Jun/2020:17:54:21] (S): Processed single menu item.
[16/Jun/2020:17:54:21] (P): Processing single menu item ' Contact '...
[16/Jun/2020:17:54:21] (S): Processed single menu item.
[16/Jun/2020:17:54:21] (P): Processing single menu item ' '...
[16/Jun/2020:17:54:21] (P): Processing attachment: https://s33834.pcdn.co/zelle/wp-content/uploads/sites/180/2019/02/zelle-expert1.jpg...
[16/Jun/2020:17:54:21] (P): Fetching attachment from url: https://s33834.pcdn.co/zelle/wp-content/uploads/sites/180/2019/02/zelle-expert1.jpg...
[16/Jun/2020:17:54:23] (S): Fetched remote attachment.
[16/Jun/2020:17:54:23] (P): Inserting attachment...
[16/Jun/2020:17:54:23] (S): Attachment inserted
[16/Jun/2020:17:54:23] (S): Processed attachment.
[16/Jun/2020:17:54:23] (P): Processing attachment: https://s33834.pcdn.co/zelle/wp-content/uploads/sites/180/2019/02/zelle-expert2.jpg...
[16/Jun/2020:17:54:23] (P): Fetching attachment from url: https://s33834.pcdn.co/zelle/wp-content/uploads/sites/180/2019/02/zelle-expert2.jpg...
[16/Jun/2020:17:54:24] (S): Fetched remote attachment.
[16/Jun/2020:17:54:24] (P): Inserting attachment...
[16/Jun/2020:17:54:24] (S): Attachment inserted
[16/Jun/2020:17:54:24] (S): Processed attachment.
[16/Jun/2020:17:54:24] (P): Processing attachment: https://s33834.pcdn.co/zelle/wp-content/uploads/sites/180/2019/02/zelle-expert3.jpg...
[16/Jun/2020:17:54:24] (P): Fetching attachment from url: https://s33834.pcdn.co/zelle/wp-content/uploads/sites/180/2019/02/zelle-expert3.jpg...
[16/Jun/2020:17:54:25] (S): Fetched remote attachment.
[16/Jun/2020:17:54:25] (P): Inserting attachment...
[16/Jun/2020:17:54:25] (S): Attachment inserted
[16/Jun/2020:17:54:25] (S): Processed attachment.
[16/Jun/2020:17:54:25] (P): Processing attachment: https://s33834.pcdn.co/zelle/wp-content/uploads/sites/180/2019/02/zelle-ny1-1.jpg...
[16/Jun/2020:17:54:25] (P): Fetching attachment from url: https://s33834.pcdn.co/zelle/wp-content/uploads/sites/180/2019/02/zelle-ny1-1.jpg...
[16/Jun/2020:17:54:26] (S): Fetched remote attachment.
[16/Jun/2020:17:54:26] (P): Inserting attachment...
[16/Jun/2020:17:54:26] (S): Attachment inserted
[16/Jun/2020:17:54:26] (S): Processed attachment.
[16/Jun/2020:17:54:26] (P): Processing attachment: https://s33834.pcdn.co/zelle/wp-content/uploads/sites/180/2019/02/zelle-safari1-1.jpg...
[16/Jun/2020:17:54:26] (P): Fetching attachment from url: https://s33834.pcdn.co/zelle/wp-content/uploads/sites/180/2019/02/zelle-safari1-1.jpg...
[16/Jun/2020:17:54:27] (S): Fetched remote attachment.
[16/Jun/2020:17:54:27] (P): Inserting attachment...
[16/Jun/2020:17:54:27] (S): Attachment inserted
[16/Jun/2020:17:54:27] (S): Processed attachment.
[16/Jun/2020:17:54:27] (P): Processing attachment: https://s33834.pcdn.co/zelle/wp-content/uploads/sites/180/2019/02/zelle-camper1-1.jpg...
[16/Jun/2020:17:54:27] (P): Fetching attachment from url: https://s33834.pcdn.co/zelle/wp-content/uploads/sites/180/2019/02/zelle-camper1-1.jpg...
[16/Jun/2020:17:54:28] (S): Fetched remote attachment.
[16/Jun/2020:17:54:28] (P): Inserting attachment...
[16/Jun/2020:17:54:28] (S): Attachment inserted
[16/Jun/2020:17:54:28] (S): Processed attachment.
[16/Jun/2020:17:54:28] (P): Processing attachment: https://s33834.pcdn.co/zelle/wp-content/uploads/sites/180/2019/02/zelle-asia1-1.jpg...
[16/Jun/2020:17:54:28] (P): Fetching attachment from url: https://s33834.pcdn.co/zelle/wp-content/uploads/sites/180/2019/02/zelle-asia1-1.jpg...
[16/Jun/2020:17:54:29] (S): Fetched remote attachment.
[16/Jun/2020:17:54:29] (P): Inserting attachment...
[16/Jun/2020:17:54:29] (S): Attachment inserted
[16/Jun/2020:17:54:29] (S): Processed attachment.
[16/Jun/2020:17:54:29] (P): Processing attachment: https://s33834.pcdn.co/zelle/wp-content/uploads/sites/180/2019/02/zelle-india1-1.jpg...
[16/Jun/2020:17:54:29] (P): Fetching attachment from url: https://s33834.pcdn.co/zelle/wp-content/uploads/sites/180/2019/02/zelle-india1-1.jpg...
[16/Jun/2020:17:54:30] (S): Fetched remote attachment.
[16/Jun/2020:17:54:30] (P): Inserting attachment...
[16/Jun/2020:17:54:30] (S): Attachment inserted
[16/Jun/2020:17:54:30] (S): Processed attachment.
[16/Jun/2020:17:54:30] (P): Processing attachment: https://s33834.pcdn.co/zelle/wp-content/uploads/sites/180/2019/02/zelle-cambodgia1-1.jpg...
[16/Jun/2020:17:54:30] (P): Fetching attachment from url: https://s33834.pcdn.co/zelle/wp-content/uploads/sites/180/2019/02/zelle-cambodgia1-1.jpg...
[16/Jun/2020:17:54:31] (S): Fetched remote attachment.
[16/Jun/2020:17:54:31] (P): Inserting attachment...
[16/Jun/2020:17:54:31] (S): Attachment inserted
[16/Jun/2020:17:54:31] (S): Processed attachment.
[16/Jun/2020:17:54:31] (P): Processing attachment: https://s33834.pcdn.co/zelle/wp-content/uploads/sites/180/2019/03/neve-zelle-hero-image-1.jpg...
[16/Jun/2020:17:54:31] (P): Fetching attachment from url: https://s33834.pcdn.co/zelle/wp-content/uploads/sites/180/2019/03/neve-zelle-hero-image-1.jpg...
[16/Jun/2020:17:54:35] (S): Fetched remote attachment.
[16/Jun/2020:17:54:35] (P): Inserting attachment...
[16/Jun/2020:17:54:35] (S): Attachment inserted
[16/Jun/2020:17:54:35] (S): Processed attachment.
[16/Jun/2020:17:54:35] (P): Inserting page: Zelle .
[16/Jun/2020:17:54:35] (S): Done inserting page: Zelle .
[16/Jun/2020:17:54:35] (P): Filtering elementor meta...
[16/Jun/2020:17:54:35] (S): Filtered elementor meta.
[16/Jun/2020:17:54:35] (P): Inserting page: Blog .
[16/Jun/2020:17:54:35] (S): Done inserting page: Blog .
[16/Jun/2020:17:54:35] (P): Inserting post: New York as low as 399,99€ .
[16/Jun/2020:17:54:35] (S): Done inserting post: New York as low as 399,99€ .
[16/Jun/2020:17:54:35] (P): Inserting post: Cambodgia as low as 799,90€ .
[16/Jun/2020:17:54:35] (S): Done inserting post: Cambodgia as low as 799,90€ .
[16/Jun/2020:17:54:35] (P): Inserting post: India by train as low as 549,99€ .
[16/Jun/2020:17:54:35] (S): Done inserting post: India by train as low as 549,99€ .
[16/Jun/2020:17:54:35] (P): Inserting post: Beautiful itinerary in Asia .
[16/Jun/2020:17:54:35] (S): Done inserting post: Beautiful itinerary in Asia .
[16/Jun/2020:17:54:35] (P): Inserting post: 3 circuits with a Camper Van .
[16/Jun/2020:17:54:35] (S): Done inserting post: 3 circuits with a Camper Van .
[16/Jun/2020:17:54:35] (P): Inserting post: The 3 Safaris you must experience .
[16/Jun/2020:17:54:35] (S): Done inserting post: The 3 Safaris you must experience .
[16/Jun/2020:17:54:35] (S): Processed posts.
[16/Jun/2020:17:54:35] (P): Processing single menu item ' '...
[16/Jun/2020:17:54:35] (S): Processed single menu item.
[16/Jun/2020:17:54:35] (P): Cleaning up import with id ...
[16/Jun/2020:17:54:35] (P): Done cleanup. Flushing cache...
[16/Jun/2020:17:54:35] (P): Flushed cache. Removing temporary data..
[16/Jun/2020:17:54:35] (S): Done importing
[16/Jun/2020:17:54:35] (P): Busting elementor cache
[16/Jun/2020:17:54:35] (S): Front page set up with id: 138.
